2020-07-01 22:39:35.414  INFO 9936 --- [restartedMain] com.xiao.blog.BlogApplication            : Starting BlogApplication on xiao with PID 9936 (D:\javaProject\blog\target\classes started by HP in D:\javaProject\blog)
2020-07-01 22:39:35.416 DEBUG 9936 --- [restartedMain] com.xiao.blog.BlogApplication            : Running with Spring Boot v2.3.1.RELEASE, Spring v5.2.7.RELEASE
2020-07-01 22:39:35.417  INFO 9936 --- [restartedMain] com.xiao.blog.BlogApplication            : The following profiles are active: dev
2020-07-01 22:39:35.447  INFO 9936 --- [restartedMain] .e.DevToolsPropertyDefaultsPostProcessor : Devtools property defaults active! Set 'spring.devtools.add-properties' to 'false' to disable
2020-07-01 22:39:35.448  INFO 9936 --- [restartedMain] .e.DevToolsPropertyDefaultsPostProcessor : For additional web related logging consider setting the 'logging.level.web' property to 'DEBUG'
2020-07-01 22:39:35.925  INFO 9936 --- [restartedMain] .s.d.r.c.RepositoryConfigurationDelegate : Bootstrapping Spring Data JPA repositories in DEFERRED mode.
2020-07-01 22:39:35.939  INFO 9936 --- [restartedMain] .s.d.r.c.RepositoryConfigurationDelegate : Finished Spring Data repository scanning in 9ms. Found 0 JPA repository interfaces.
2020-07-01 22:39:36.475  INFO 9936 --- [restartedMain] o.s.b.w.embedded.tomcat.TomcatWebServer  : Tomcat initialized with port(s): 8080 (http)
2020-07-01 22:39:36.481  INFO 9936 --- [restartedMain] o.apache.catalina.core.StandardService   : Starting service [Tomcat]
2020-07-01 22:39:36.482  INFO 9936 --- [restartedMain] org.apache.catalina.core.StandardEngine  : Starting Servlet engine: [Apache Tomcat/9.0.36]
2020-07-01 22:39:36.609  INFO 9936 --- [restartedMain] o.a.c.c.C.[Tomcat].[localhost].[/]       : Initializing Spring embedded WebApplicationContext
2020-07-01 22:39:36.609  INFO 9936 --- [restartedMain] w.s.c.ServletWebServerApplicationContext : Root WebApplicationContext: initialization completed in 1161 ms
2020-07-01 22:39:36.745  INFO 9936 --- [restartedMain] o.s.s.concurrent.ThreadPoolTaskExecutor  : Initializing ExecutorService 'applicationTaskExecutor'
2020-07-01 22:39:36.781  INFO 9936 --- [task-1] o.hibernate.jpa.internal.util.LogHelper  : HHH000204: Processing PersistenceUnitInfo [name: default]
2020-07-01 22:39:36.863  INFO 9936 --- [task-1] org.hibernate.Version                    : HHH000412: Hibernate ORM core version 5.4.17.Final
2020-07-01 22:39:36.880  WARN 9936 --- [restartedMain] JpaBaseConfiguration$JpaWebConfiguration : spring.jpa.open-in-view is enabled by default. Therefore, database queries may be performed during view rendering. Explicitly configure spring.jpa.open-in-view to disable this warning
2020-07-01 22:39:36.953  INFO 9936 --- [task-1] o.hibernate.annotations.common.Version   : HCANN000001: Hibernate Commons Annotations {5.1.0.Final}
2020-07-01 22:39:37.021  INFO 9936 --- [task-1] com.zaxxer.hikari.HikariDataSource       : HikariPool-1 - Starting...
2020-07-01 22:39:37.103  INFO 9936 --- [restartedMain] o.s.b.a.w.s.WelcomePageHandlerMapping    : Adding welcome page template: index
2020-07-01 22:39:37.104  INFO 9936 --- [task-1] com.zaxxer.hikari.HikariDataSource       : HikariPool-1 - Start completed.
2020-07-01 22:39:37.116  INFO 9936 --- [task-1] org.hibernate.dialect.Dialect            : HHH000400: Using dialect: org.hibernate.dialect.MySQL57Dialect
2020-07-01 22:39:37.265  INFO 9936 --- [task-1] o.h.e.t.j.p.i.JtaPlatformInitiator       : HHH000490: Using JtaPlatform implementation: [org.hibernate.engine.transaction.jta.platform.internal.NoJtaPlatform]
2020-07-01 22:39:37.271  INFO 9936 --- [task-1] j.LocalContainerEntityManagerFactoryBean : Initialized JPA EntityManagerFactory for persistence unit 'default'
2020-07-01 22:39:37.283  INFO 9936 --- [task-2] o.s.b.d.a.OptionalLiveReloadServer       : LiveReload server is running on port 35729
2020-07-01 22:39:37.352  INFO 9936 --- [restartedMain] o.s.b.w.embedded.tomcat.TomcatWebServer  : Tomcat started on port(s): 8080 (http) with context path ''
2020-07-01 22:39:37.353  INFO 9936 --- [restartedMain] DeferredRepositoryInitializationListener : Triggering deferred initialization of Spring Data repositories…
2020-07-01 22:39:37.354  INFO 9936 --- [restartedMain] DeferredRepositoryInitializationListener : Spring Data repositories initialized!
2020-07-01 22:39:37.360  INFO 9936 --- [restartedMain] com.xiao.blog.BlogApplication            : Started BlogApplication in 2.407 seconds (JVM running for 3.949)
2020-07-01 22:39:41.218  INFO 9936 --- [http-nio-8080-exec-1] o.a.c.c.C.[Tomcat].[localhost].[/]       : Initializing Spring DispatcherServlet 'dispatcherServlet'
2020-07-01 22:39:41.218  INFO 9936 --- [http-nio-8080-exec-1] o.s.web.servlet.DispatcherServlet        : Initializing Servlet 'dispatcherServlet'
2020-07-01 22:39:41.225  INFO 9936 --- [http-nio-8080-exec-1] o.s.web.servlet.DispatcherServlet        : Completed initialization in 7 ms
2020-07-01 22:39:41.280  INFO 9936 --- [http-nio-8080-exec-1] com.xiao.blog.aspect.LogAspect           : Request :{url='http://localhost:8080/33/kegui', ip='0:0:0:0:0:0:0:1', classMethod='com.xiao.blog.web.IndexController.index', args=[33, kegui]}
2020-07-01 22:39:41.283  INFO 9936 --- [http-nio-8080-exec-1] com.xiao.blog.aspect.LogAspect           : >>>>>>>Result:index
2020-07-01 22:39:56.524  INFO 7324 --- [restartedMain] com.xiao.blog.BlogApplication            : Starting BlogApplication on xiao with PID 7324 (D:\javaProject\blog\target\classes started by HP in D:\javaProject\blog)
2020-07-01 22:39:56.526 DEBUG 7324 --- [restartedMain] com.xiao.blog.BlogApplication            : Running with Spring Boot v2.3.1.RELEASE, Spring v5.2.7.RELEASE
2020-07-01 22:39:56.526  INFO 7324 --- [restartedMain] com.xiao.blog.BlogApplication            : The following profiles are active: dev
2020-07-01 22:39:56.570  INFO 7324 --- [restartedMain] .e.DevToolsPropertyDefaultsPostProcessor : Devtools property defaults active! Set 'spring.devtools.add-properties' to 'false' to disable
2020-07-01 22:39:56.570  INFO 7324 --- [restartedMain] .e.DevToolsPropertyDefaultsPostProcessor : For additional web related logging consider setting the 'logging.level.web' property to 'DEBUG'
2020-07-01 22:39:57.072  INFO 7324 --- [restartedMain] .s.d.r.c.RepositoryConfigurationDelegate : Bootstrapping Spring Data JPA repositories in DEFERRED mode.
2020-07-01 22:39:57.086  INFO 7324 --- [restartedMain] .s.d.r.c.RepositoryConfigurationDelegate : Finished Spring Data repository scanning in 9ms. Found 0 JPA repository interfaces.
2020-07-01 22:39:57.619  INFO 7324 --- [restartedMain] o.s.b.w.embedded.tomcat.TomcatWebServer  : Tomcat initialized with port(s): 8080 (http)
2020-07-01 22:39:57.625  INFO 7324 --- [restartedMain] o.apache.catalina.core.StandardService   : Starting service [Tomcat]
2020-07-01 22:39:57.625  INFO 7324 --- [restartedMain] org.apache.catalina.core.StandardEngine  : Starting Servlet engine: [Apache Tomcat/9.0.36]
2020-07-01 22:39:57.756  INFO 7324 --- [restartedMain] o.a.c.c.C.[Tomcat].[localhost].[/]       : Initializing Spring embedded WebApplicationContext
2020-07-01 22:39:57.756  INFO 7324 --- [restartedMain] w.s.c.ServletWebServerApplicationContext : Root WebApplicationContext: initialization completed in 1186 ms
2020-07-01 22:39:57.897  INFO 7324 --- [restartedMain] o.s.s.concurrent.ThreadPoolTaskExecutor  : Initializing ExecutorService 'applicationTaskExecutor'
2020-07-01 22:39:57.934  INFO 7324 --- [task-1] o.hibernate.jpa.internal.util.LogHelper  : HHH000204: Processing PersistenceUnitInfo [name: default]
2020-07-01 22:39:58.025  INFO 7324 --- [task-1] org.hibernate.Version                    : HHH000412: Hibernate ORM core version 5.4.17.Final
2020-07-01 22:39:58.044  WARN 7324 --- [restartedMain] JpaBaseConfiguration$JpaWebConfiguration : spring.jpa.open-in-view is enabled by default. Therefore, database queries may be performed during view rendering. Explicitly configure spring.jpa.open-in-view to disable this warning
2020-07-01 22:39:58.117  INFO 7324 --- [task-1] o.hibernate.annotations.common.Version   : HCANN000001: Hibernate Commons Annotations {5.1.0.Final}
2020-07-01 22:39:58.187  INFO 7324 --- [task-1] com.zaxxer.hikari.HikariDataSource       : HikariPool-1 - Starting...
2020-07-01 22:39:58.275  INFO 7324 --- [task-1] com.zaxxer.hikari.HikariDataSource       : HikariPool-1 - Start completed.
2020-07-01 22:39:58.276  INFO 7324 --- [restartedMain] o.s.b.a.w.s.WelcomePageHandlerMapping    : Adding welcome page template: index
2020-07-01 22:39:58.287  INFO 7324 --- [task-1] org.hibernate.dialect.Dialect            : HHH000400: Using dialect: org.hibernate.dialect.MySQL57Dialect
2020-07-01 22:39:58.427  INFO 7324 --- [task-1] o.h.e.t.j.p.i.JtaPlatformInitiator       : HHH000490: Using JtaPlatform implementation: [org.hibernate.engine.transaction.jta.platform.internal.NoJtaPlatform]
2020-07-01 22:39:58.432  INFO 7324 --- [task-1] j.LocalContainerEntityManagerFactoryBean : Initialized JPA EntityManagerFactory for persistence unit 'default'
2020-07-01 22:39:58.449  INFO 7324 --- [task-2] o.s.b.d.a.OptionalLiveReloadServer       : LiveReload server is running on port 35729
2020-07-01 22:39:58.521  INFO 7324 --- [restartedMain] o.s.b.w.embedded.tomcat.TomcatWebServer  : Tomcat started on port(s): 8080 (http) with context path ''
2020-07-01 22:39:58.522  INFO 7324 --- [restartedMain] DeferredRepositoryInitializationListener : Triggering deferred initialization of Spring Data repositories…
2020-07-01 22:39:58.522  INFO 7324 --- [restartedMain] DeferredRepositoryInitializationListener : Spring Data repositories initialized!
2020-07-01 22:39:58.529  INFO 7324 --- [restartedMain] com.xiao.blog.BlogApplication            : Started BlogApplication in 2.416 seconds (JVM running for 3.982)
2020-07-01 22:40:01.131  INFO 7324 --- [http-nio-8080-exec-1] o.a.c.c.C.[Tomcat].[localhost].[/]       : Initializing Spring DispatcherServlet 'dispatcherServlet'
2020-07-01 22:40:01.132  INFO 7324 --- [http-nio-8080-exec-1] o.s.web.servlet.DispatcherServlet        : Initializing Servlet 'dispatcherServlet'
2020-07-01 22:40:01.152  INFO 7324 --- [http-nio-8080-exec-1] o.s.web.servlet.DispatcherServlet        : Completed initialization in 19 ms
2020-07-01 22:40:01.228  INFO 7324 --- [http-nio-8080-exec-1] com.xiao.blog.aspect.LogAspect           : Request :{url='http://localhost:8080/33/kegui', ip='0:0:0:0:0:0:0:1', classMethod='com.xiao.blog.web.IndexController.index', args=[33, kegui]}
2020-07-01 22:40:01.233  INFO 7324 --- [http-nio-8080-exec-1] com.xiao.blog.aspect.LogAspect           : >>>>>>>Result:index
2020-07-01 22:40:25.001  INFO 6740 --- [restartedMain] com.xiao.blog.BlogApplication            : Starting BlogApplication on xiao with PID 6740 (D:\javaProject\blog\target\classes started by HP in D:\javaProject\blog)
2020-07-01 22:40:25.003 DEBUG 6740 --- [restartedMain] com.xiao.blog.BlogApplication            : Running with Spring Boot v2.3.1.RELEASE, Spring v5.2.7.RELEASE
2020-07-01 22:40:25.003  INFO 6740 --- [restartedMain] com.xiao.blog.BlogApplication            : The following profiles are active: dev
2020-07-01 22:40:25.033  INFO 6740 --- [restartedMain] .e.DevToolsPropertyDefaultsPostProcessor : Devtools property defaults active! Set 'spring.devtools.add-properties' to 'false' to disable
2020-07-01 22:40:25.033  INFO 6740 --- [restartedMain] .e.DevToolsPropertyDefaultsPostProcessor : For additional web related logging consider setting the 'logging.level.web' property to 'DEBUG'
2020-07-01 22:40:25.505  INFO 6740 --- [restartedMain] .s.d.r.c.RepositoryConfigurationDelegate : Bootstrapping Spring Data JPA repositories in DEFERRED mode.
2020-07-01 22:40:25.518  INFO 6740 --- [restartedMain] .s.d.r.c.RepositoryConfigurationDelegate : Finished Spring Data repository scanning in 8ms. Found 0 JPA repository interfaces.
2020-07-01 22:40:26.058  INFO 6740 --- [restartedMain] o.s.b.w.embedded.tomcat.TomcatWebServer  : Tomcat initialized with port(s): 8080 (http)
2020-07-01 22:40:26.064  INFO 6740 --- [restartedMain] o.apache.catalina.core.StandardService   : Starting service [Tomcat]
2020-07-01 22:40:26.065  INFO 6740 --- [restartedMain] org.apache.catalina.core.StandardEngine  : Starting Servlet engine: [Apache Tomcat/9.0.36]
2020-07-01 22:40:26.186  INFO 6740 --- [restartedMain] o.a.c.c.C.[Tomcat].[localhost].[/]       : Initializing Spring embedded WebApplicationContext
2020-07-01 22:40:26.186  INFO 6740 --- [restartedMain] w.s.c.ServletWebServerApplicationContext : Root WebApplicationContext: initialization completed in 1153 ms
2020-07-01 22:40:26.324  INFO 6740 --- [restartedMain] o.s.s.concurrent.ThreadPoolTaskExecutor  : Initializing ExecutorService 'applicationTaskExecutor'
2020-07-01 22:40:26.359  INFO 6740 --- [task-1] o.hibernate.jpa.internal.util.LogHelper  : HHH000204: Processing PersistenceUnitInfo [name: default]
2020-07-01 22:40:26.446  INFO 6740 --- [task-1] org.hibernate.Version                    : HHH000412: Hibernate ORM core version 5.4.17.Final
2020-07-01 22:40:26.466  WARN 6740 --- [restartedMain] JpaBaseConfiguration$JpaWebConfiguration : spring.jpa.open-in-view is enabled by default. Therefore, database queries may be performed during view rendering. Explicitly configure spring.jpa.open-in-view to disable this warning
2020-07-01 22:40:26.542  INFO 6740 --- [task-1] o.hibernate.annotations.common.Version   : HCANN000001: Hibernate Commons Annotations {5.1.0.Final}
2020-07-01 22:40:26.615  INFO 6740 --- [task-1] com.zaxxer.hikari.HikariDataSource       : HikariPool-1 - Starting...
2020-07-01 22:40:26.701  INFO 6740 --- [task-1] com.zaxxer.hikari.HikariDataSource       : HikariPool-1 - Start completed.
2020-07-01 22:40:26.709  INFO 6740 --- [restartedMain] o.s.b.a.w.s.WelcomePageHandlerMapping    : Adding welcome page template: index
2020-07-01 22:40:26.714  INFO 6740 --- [task-1] org.hibernate.dialect.Dialect            : HHH000400: Using dialect: org.hibernate.dialect.MySQL57Dialect
2020-07-01 22:40:26.851  INFO 6740 --- [task-1] o.h.e.t.j.p.i.JtaPlatformInitiator       : HHH000490: Using JtaPlatform implementation: [org.hibernate.engine.transaction.jta.platform.internal.NoJtaPlatform]
2020-07-01 22:40:26.857  INFO 6740 --- [task-1] j.LocalContainerEntityManagerFactoryBean : Initialized JPA EntityManagerFactory for persistence unit 'default'
2020-07-01 22:40:26.885  INFO 6740 --- [task-2] o.s.b.d.a.OptionalLiveReloadServer       : LiveReload server is running on port 35729
2020-07-01 22:40:26.959  INFO 6740 --- [restartedMain] o.s.b.w.embedded.tomcat.TomcatWebServer  : Tomcat started on port(s): 8080 (http) with context path ''
2020-07-01 22:40:26.960  INFO 6740 --- [restartedMain] DeferredRepositoryInitializationListener : Triggering deferred initialization of Spring Data repositories…
2020-07-01 22:40:26.960  INFO 6740 --- [restartedMain] DeferredRepositoryInitializationListener : Spring Data repositories initialized!
2020-07-01 22:40:26.967  INFO 6740 --- [restartedMain] com.xiao.blog.BlogApplication            : Started BlogApplication in 2.316 seconds (JVM running for 3.9)
2020-07-01 22:40:29.473  INFO 6740 --- [http-nio-8080-exec-1] o.a.c.c.C.[Tomcat].[localhost].[/]       : Initializing Spring DispatcherServlet 'dispatcherServlet'
2020-07-01 22:40:29.474  INFO 6740 --- [http-nio-8080-exec-1] o.s.web.servlet.DispatcherServlet        : Initializing Servlet 'dispatcherServlet'
2020-07-01 22:40:29.480  INFO 6740 --- [http-nio-8080-exec-1] o.s.web.servlet.DispatcherServlet        : Completed initialization in 6 ms
2020-07-01 22:40:29.536  INFO 6740 --- [http-nio-8080-exec-1] com.xiao.blog.aspect.LogAspect           : Request :{url='http://localhost:8080/33/kegui', ip='0:0:0:0:0:0:0:1', classMethod='com.xiao.blog.web.IndexController.index', args=[33, kegui]}
2020-07-01 22:40:29.540  INFO 6740 --- [http-nio-8080-exec-1] com.xiao.blog.aspect.LogAspect           : >>>>>>>Result:index
