2020-06-11 10:05:29  [ main:0 ] - [ DEBUG ]  Logging initialized using 'class org.apache.ibatis.logging.log4j.Log4jImpl' adapter.
2020-06-11 10:05:29  [ main:0 ] - [ DEBUG ]  Logging initialized using 'class org.apache.ibatis.logging.log4j.Log4jImpl' adapter.
2020-06-11 10:05:29  [ main:3 ] - [ DEBUG ]  Logging initialized using 'class org.apache.ibatis.logging.log4j.Log4jImpl' adapter.
2020-06-11 10:05:29  [ main:3 ] - [ DEBUG ]  Logging initialized using 'class org.apache.ibatis.logging.log4j.Log4jImpl' adapter.
2020-06-11 10:05:29  [ main:30 ] - [ DEBUG ]  PooledDataSource forcefully closed/removed all connections.
2020-06-11 10:05:29  [ main:30 ] - [ DEBUG ]  PooledDataSource forcefully closed/removed all connections.
2020-06-11 10:05:29  [ main:30 ] - [ DEBUG ]  PooledDataSource forcefully closed/removed all connections.
2020-06-11 10:05:29  [ main:30 ] - [ DEBUG ]  PooledDataSource forcefully closed/removed all connections.
2020-06-11 10:05:29  [ main:31 ] - [ DEBUG ]  PooledDataSource forcefully closed/removed all connections.
2020-06-11 10:05:29  [ main:31 ] - [ DEBUG ]  PooledDataSource forcefully closed/removed all connections.
2020-06-11 10:05:29  [ main:31 ] - [ DEBUG ]  PooledDataSource forcefully closed/removed all connections.
2020-06-11 10:05:29  [ main:31 ] - [ DEBUG ]  PooledDataSource forcefully closed/removed all connections.
2020-06-11 10:05:30  [ main:97 ] - [ DEBUG ]  Opening JDBC Connection
2020-06-11 10:05:30  [ main:97 ] - [ DEBUG ]  Opening JDBC Connection
2020-06-11 10:05:30  [ main:222 ] - [ DEBUG ]  Created connection 990355670.
2020-06-11 10:05:30  [ main:222 ] - [ DEBUG ]  Created connection 990355670.
2020-06-11 10:05:30  [ main:222 ] - [ DEBUG ]  Setting autocommit to false on JDBC Connection [com.mysql.cj.jdbc.ConnectionImpl@3b07a0d6]
2020-06-11 10:05:30  [ main:222 ] - [ DEBUG ]  Setting autocommit to false on JDBC Connection [com.mysql.cj.jdbc.ConnectionImpl@3b07a0d6]
2020-06-11 10:05:30  [ main:225 ] - [ DEBUG ]  ==>  Preparing: select * from mybatis.user where id = ? 
2020-06-11 10:05:30  [ main:225 ] - [ DEBUG ]  ==>  Preparing: select * from mybatis.user where id = ? 
2020-06-11 10:05:30  [ main:251 ] - [ DEBUG ]  ==> Parameters: 333(Integer)
2020-06-11 10:05:30  [ main:251 ] - [ DEBUG ]  ==> Parameters: 333(Integer)
2020-06-11 10:05:30  [ main:280 ] - [ DEBUG ]  <==      Total: 1
2020-06-11 10:05:30  [ main:280 ] - [ DEBUG ]  <==      Total: 1
2020-06-11 10:05:30  [ main:281 ] - [ DEBUG ]  Resetting autocommit to true on JDBC Connection [com.mysql.cj.jdbc.ConnectionImpl@3b07a0d6]
2020-06-11 10:05:30  [ main:281 ] - [ DEBUG ]  Resetting autocommit to true on JDBC Connection [com.mysql.cj.jdbc.ConnectionImpl@3b07a0d6]
2020-06-11 10:05:30  [ main:282 ] - [ DEBUG ]  Closing JDBC Connection [com.mysql.cj.jdbc.ConnectionImpl@3b07a0d6]
2020-06-11 10:05:30  [ main:282 ] - [ DEBUG ]  Closing JDBC Connection [com.mysql.cj.jdbc.ConnectionImpl@3b07a0d6]
2020-06-11 10:05:30  [ main:282 ] - [ DEBUG ]  Returned connection 990355670 to pool.
2020-06-11 10:05:30  [ main:282 ] - [ DEBUG ]  Returned connection 990355670 to pool.
2020-06-11 10:07:11  [ main:0 ] - [ DEBUG ]  Logging initialized using 'class org.apache.ibatis.logging.log4j.Log4jImpl' adapter.
2020-06-11 10:07:11  [ main:0 ] - [ DEBUG ]  Logging initialized using 'class org.apache.ibatis.logging.log4j.Log4jImpl' adapter.
2020-06-11 10:07:11  [ main:4 ] - [ DEBUG ]  Logging initialized using 'class org.apache.ibatis.logging.log4j.Log4jImpl' adapter.
2020-06-11 10:07:11  [ main:4 ] - [ DEBUG ]  Logging initialized using 'class org.apache.ibatis.logging.log4j.Log4jImpl' adapter.
2020-06-11 10:07:11  [ main:39 ] - [ DEBUG ]  PooledDataSource forcefully closed/removed all connections.
2020-06-11 10:07:11  [ main:39 ] - [ DEBUG ]  PooledDataSource forcefully closed/removed all connections.
2020-06-11 10:07:11  [ main:40 ] - [ DEBUG ]  PooledDataSource forcefully closed/removed all connections.
2020-06-11 10:07:11  [ main:40 ] - [ DEBUG ]  PooledDataSource forcefully closed/removed all connections.
2020-06-11 10:07:11  [ main:40 ] - [ DEBUG ]  PooledDataSource forcefully closed/removed all connections.
2020-06-11 10:07:11  [ main:40 ] - [ DEBUG ]  PooledDataSource forcefully closed/removed all connections.
2020-06-11 10:07:11  [ main:46 ] - [ DEBUG ]  PooledDataSource forcefully closed/removed all connections.
2020-06-11 10:07:11  [ main:46 ] - [ DEBUG ]  PooledDataSource forcefully closed/removed all connections.
2020-06-11 10:07:11  [ main:118 ] - [ DEBUG ]  Opening JDBC Connection
2020-06-11 10:07:11  [ main:118 ] - [ DEBUG ]  Opening JDBC Connection
2020-06-11 10:07:11  [ main:257 ] - [ DEBUG ]  Created connection 1024597427.
2020-06-11 10:07:11  [ main:257 ] - [ DEBUG ]  Created connection 1024597427.
2020-06-11 10:07:11  [ main:257 ] - [ DEBUG ]  Setting autocommit to false on JDBC Connection [com.mysql.cj.jdbc.ConnectionImpl@3d121db3]
2020-06-11 10:07:11  [ main:257 ] - [ DEBUG ]  Setting autocommit to false on JDBC Connection [com.mysql.cj.jdbc.ConnectionImpl@3d121db3]
2020-06-11 10:07:11  [ main:261 ] - [ DEBUG ]  ==>  Preparing: select * from mybatis.user where id = ? 
2020-06-11 10:07:11  [ main:261 ] - [ DEBUG ]  ==>  Preparing: select * from mybatis.user where id = ? 
2020-06-11 10:07:11  [ main:285 ] - [ DEBUG ]  ==> Parameters: 333(Integer)
2020-06-11 10:07:11  [ main:285 ] - [ DEBUG ]  ==> Parameters: 333(Integer)
2020-06-11 10:07:11  [ main:312 ] - [ DEBUG ]  <==      Total: 1
2020-06-11 10:07:11  [ main:312 ] - [ DEBUG ]  <==      Total: 1
2020-06-11 10:07:11  [ main:313 ] - [ DEBUG ]  Resetting autocommit to true on JDBC Connection [com.mysql.cj.jdbc.ConnectionImpl@3d121db3]
2020-06-11 10:07:11  [ main:313 ] - [ DEBUG ]  Resetting autocommit to true on JDBC Connection [com.mysql.cj.jdbc.ConnectionImpl@3d121db3]
2020-06-11 10:07:11  [ main:314 ] - [ DEBUG ]  Closing JDBC Connection [com.mysql.cj.jdbc.ConnectionImpl@3d121db3]
2020-06-11 10:07:11  [ main:314 ] - [ DEBUG ]  Closing JDBC Connection [com.mysql.cj.jdbc.ConnectionImpl@3d121db3]
2020-06-11 10:07:11  [ main:314 ] - [ DEBUG ]  Returned connection 1024597427 to pool.
2020-06-11 10:07:11  [ main:314 ] - [ DEBUG ]  Returned connection 1024597427 to pool.
2020-06-11 10:11:32  [ main:0 ] - [ DEBUG ]  Logging initialized using 'class org.apache.ibatis.logging.log4j.Log4jImpl' adapter.
2020-06-11 10:11:32  [ main:3 ] - [ DEBUG ]  Logging initialized using 'class org.apache.ibatis.logging.log4j.Log4jImpl' adapter.
2020-06-11 10:11:32  [ main:29 ] - [ DEBUG ]  PooledDataSource forcefully closed/removed all connections.
2020-06-11 10:11:32  [ main:29 ] - [ DEBUG ]  PooledDataSource forcefully closed/removed all connections.
2020-06-11 10:11:32  [ main:30 ] - [ DEBUG ]  PooledDataSource forcefully closed/removed all connections.
2020-06-11 10:11:32  [ main:30 ] - [ DEBUG ]  PooledDataSource forcefully closed/removed all connections.
2020-06-11 10:11:32  [ main:99 ] - [ DEBUG ]  Opening JDBC Connection
2020-06-11 10:11:32  [ main:221 ] - [ DEBUG ]  Created connection 247944893.
2020-06-11 10:11:32  [ main:221 ] - [ DEBUG ]  Setting autocommit to false on JDBC Connection [com.mysql.cj.jdbc.ConnectionImpl@ec756bd]
2020-06-11 10:11:32  [ main:224 ] - [ DEBUG ]  ==>  Preparing: select * from mybatis.user where id = ? 
2020-06-11 10:11:32  [ main:257 ] - [ DEBUG ]  ==> Parameters: 333(Integer)
2020-06-11 10:11:32  [ main:278 ] - [ DEBUG ]  <==      Total: 1
2020-06-11 10:11:32  [ main:279 ] - [ DEBUG ]  Resetting autocommit to true on JDBC Connection [com.mysql.cj.jdbc.ConnectionImpl@ec756bd]
2020-06-11 10:11:32  [ main:279 ] - [ DEBUG ]  Closing JDBC Connection [com.mysql.cj.jdbc.ConnectionImpl@ec756bd]
2020-06-11 10:11:32  [ main:280 ] - [ DEBUG ]  Returned connection 247944893 to pool.
2020-06-11 10:13:03  [ main:0 ] - [ DEBUG ]  Logging initialized using 'class org.apache.ibatis.logging.log4j.Log4jImpl' adapter.
2020-06-11 10:13:03  [ main:4 ] - [ DEBUG ]  Logging initialized using 'class org.apache.ibatis.logging.log4j.Log4jImpl' adapter.
2020-06-11 10:13:03  [ main:43 ] - [ DEBUG ]  PooledDataSource forcefully closed/removed all connections.
2020-06-11 10:13:03  [ main:43 ] - [ DEBUG ]  PooledDataSource forcefully closed/removed all connections.
2020-06-11 10:13:03  [ main:44 ] - [ DEBUG ]  PooledDataSource forcefully closed/removed all connections.
2020-06-11 10:13:03  [ main:44 ] - [ DEBUG ]  PooledDataSource forcefully closed/removed all connections.
2020-06-11 10:13:03  [ main:125 ] - [ DEBUG ]  Opening JDBC Connection
2020-06-11 10:13:03  [ main:280 ] - [ DEBUG ]  Created connection 247944893.
2020-06-11 10:13:03  [ main:280 ] - [ DEBUG ]  Setting autocommit to false on JDBC Connection [com.mysql.cj.jdbc.ConnectionImpl@ec756bd]
2020-06-11 10:13:03  [ main:283 ] - [ DEBUG ]  ==>  Preparing: select * from mybatis.user where id = ? 
2020-06-11 10:13:03  [ main:314 ] - [ DEBUG ]  ==> Parameters: 333(Integer)
2020-06-11 10:13:03  [ main:342 ] - [ DEBUG ]  <==      Total: 1
2020-06-11 10:13:03  [ main:343 ] - [ DEBUG ]  Resetting autocommit to true on JDBC Connection [com.mysql.cj.jdbc.ConnectionImpl@ec756bd]
2020-06-11 10:13:03  [ main:343 ] - [ DEBUG ]  Closing JDBC Connection [com.mysql.cj.jdbc.ConnectionImpl@ec756bd]
2020-06-11 10:13:03  [ main:344 ] - [ DEBUG ]  Returned connection 247944893 to pool.
2020-06-11 10:25:30  [ main:0 ] - [ INFO ]  info:进入了testLog4j
2020-06-11 10:25:30  [ main:5 ] - [ DEBUG ]  debug:进入了testLog4j
2020-06-11 10:25:30  [ main:5 ] - [ ERROR ]  error:进入了testLog4j
2020-06-11 10:50:24  [ main:0 ] - [ DEBUG ]  Logging initialized using 'class org.apache.ibatis.logging.log4j.Log4jImpl' adapter.
2020-06-11 10:50:24  [ main:4 ] - [ DEBUG ]  Logging initialized using 'class org.apache.ibatis.logging.log4j.Log4jImpl' adapter.
2020-06-11 10:50:24  [ main:37 ] - [ DEBUG ]  PooledDataSource forcefully closed/removed all connections.
2020-06-11 10:50:24  [ main:38 ] - [ DEBUG ]  PooledDataSource forcefully closed/removed all connections.
2020-06-11 10:50:24  [ main:38 ] - [ DEBUG ]  PooledDataSource forcefully closed/removed all connections.
2020-06-11 10:50:24  [ main:38 ] - [ DEBUG ]  PooledDataSource forcefully closed/removed all connections.
2020-06-11 10:50:24  [ main:107 ] - [ DEBUG ]  Opening JDBC Connection
2020-06-11 10:50:24  [ main:231 ] - [ DEBUG ]  Created connection 1625082366.
2020-06-11 10:50:24  [ main:231 ] - [ DEBUG ]  Setting autocommit to false on JDBC Connection [com.mysql.cj.jdbc.ConnectionImpl@60dcc9fe]
2020-06-11 10:50:24  [ main:235 ] - [ DEBUG ]  ==>  Preparing: select * from mybatis.user limit ?,? 
2020-06-11 10:50:24  [ main:259 ] - [ DEBUG ]  ==> Parameters: 0(Integer), 4(Integer)
2020-06-11 10:50:24  [ main:286 ] - [ DEBUG ]  <==      Total: 4
2020-06-11 10:50:24  [ main:286 ] - [ DEBUG ]  Resetting autocommit to true on JDBC Connection [com.mysql.cj.jdbc.ConnectionImpl@60dcc9fe]
2020-06-11 10:50:24  [ main:287 ] - [ DEBUG ]  Closing JDBC Connection [com.mysql.cj.jdbc.ConnectionImpl@60dcc9fe]
2020-06-11 10:50:24  [ main:287 ] - [ DEBUG ]  Returned connection 1625082366 to pool.
2020-06-11 10:50:44  [ main:0 ] - [ DEBUG ]  Logging initialized using 'class org.apache.ibatis.logging.log4j.Log4jImpl' adapter.
2020-06-11 10:50:44  [ main:4 ] - [ DEBUG ]  Logging initialized using 'class org.apache.ibatis.logging.log4j.Log4jImpl' adapter.
2020-06-11 10:50:44  [ main:32 ] - [ DEBUG ]  PooledDataSource forcefully closed/removed all connections.
2020-06-11 10:50:44  [ main:32 ] - [ DEBUG ]  PooledDataSource forcefully closed/removed all connections.
2020-06-11 10:50:44  [ main:32 ] - [ DEBUG ]  PooledDataSource forcefully closed/removed all connections.
2020-06-11 10:50:44  [ main:33 ] - [ DEBUG ]  PooledDataSource forcefully closed/removed all connections.
2020-06-11 10:51:07  [ main:0 ] - [ DEBUG ]  Logging initialized using 'class org.apache.ibatis.logging.log4j.Log4jImpl' adapter.
2020-06-11 10:51:07  [ main:3 ] - [ DEBUG ]  Logging initialized using 'class org.apache.ibatis.logging.log4j.Log4jImpl' adapter.
2020-06-11 10:51:07  [ main:30 ] - [ DEBUG ]  PooledDataSource forcefully closed/removed all connections.
2020-06-11 10:51:07  [ main:30 ] - [ DEBUG ]  PooledDataSource forcefully closed/removed all connections.
2020-06-11 10:51:07  [ main:31 ] - [ DEBUG ]  PooledDataSource forcefully closed/removed all connections.
2020-06-11 10:51:07  [ main:31 ] - [ DEBUG ]  PooledDataSource forcefully closed/removed all connections.
2020-06-11 10:51:07  [ main:109 ] - [ DEBUG ]  Opening JDBC Connection
2020-06-11 10:51:08  [ main:244 ] - [ DEBUG ]  Created connection 1625082366.
2020-06-11 10:51:08  [ main:244 ] - [ DEBUG ]  Setting autocommit to false on JDBC Connection [com.mysql.cj.jdbc.ConnectionImpl@60dcc9fe]
2020-06-11 10:51:08  [ main:248 ] - [ DEBUG ]  ==>  Preparing: select * from mybatis.user limit ?,? 
2020-06-11 10:51:08  [ main:278 ] - [ DEBUG ]  ==> Parameters: 0(Integer), 4(Integer)
2020-06-11 10:51:08  [ main:300 ] - [ DEBUG ]  <==      Total: 4
2020-06-11 10:51:08  [ main:301 ] - [ DEBUG ]  Resetting autocommit to true on JDBC Connection [com.mysql.cj.jdbc.ConnectionImpl@60dcc9fe]
2020-06-11 10:51:08  [ main:302 ] - [ DEBUG ]  Closing JDBC Connection [com.mysql.cj.jdbc.ConnectionImpl@60dcc9fe]
2020-06-11 10:51:08  [ main:302 ] - [ DEBUG ]  Returned connection 1625082366 to pool.
2020-06-11 11:04:20  [ main:0 ] - [ DEBUG ]  Logging initialized using 'class org.apache.ibatis.logging.log4j.Log4jImpl' adapter.
2020-06-11 11:04:20  [ main:4 ] - [ DEBUG ]  Logging initialized using 'class org.apache.ibatis.logging.log4j.Log4jImpl' adapter.
2020-06-11 11:04:20  [ main:29 ] - [ DEBUG ]  PooledDataSource forcefully closed/removed all connections.
2020-06-11 11:04:20  [ main:29 ] - [ DEBUG ]  PooledDataSource forcefully closed/removed all connections.
2020-06-11 11:04:20  [ main:29 ] - [ DEBUG ]  PooledDataSource forcefully closed/removed all connections.
2020-06-11 11:04:20  [ main:30 ] - [ DEBUG ]  PooledDataSource forcefully closed/removed all connections.
2020-06-11 11:04:56  [ main:0 ] - [ DEBUG ]  Logging initialized using 'class org.apache.ibatis.logging.log4j.Log4jImpl' adapter.
2020-06-11 11:04:56  [ main:4 ] - [ DEBUG ]  Logging initialized using 'class org.apache.ibatis.logging.log4j.Log4jImpl' adapter.
2020-06-11 11:04:56  [ main:37 ] - [ DEBUG ]  PooledDataSource forcefully closed/removed all connections.
2020-06-11 11:04:56  [ main:37 ] - [ DEBUG ]  PooledDataSource forcefully closed/removed all connections.
2020-06-11 11:04:56  [ main:38 ] - [ DEBUG ]  PooledDataSource forcefully closed/removed all connections.
2020-06-11 11:04:56  [ main:38 ] - [ DEBUG ]  PooledDataSource forcefully closed/removed all connections.
2020-06-11 11:05:31  [ main:0 ] - [ DEBUG ]  Logging initialized using 'class org.apache.ibatis.logging.log4j.Log4jImpl' adapter.
2020-06-11 11:05:31  [ main:3 ] - [ DEBUG ]  Logging initialized using 'class org.apache.ibatis.logging.log4j.Log4jImpl' adapter.
2020-06-11 11:05:31  [ main:23 ] - [ DEBUG ]  PooledDataSource forcefully closed/removed all connections.
2020-06-11 11:05:31  [ main:23 ] - [ DEBUG ]  PooledDataSource forcefully closed/removed all connections.
2020-06-11 11:05:31  [ main:24 ] - [ DEBUG ]  PooledDataSource forcefully closed/removed all connections.
2020-06-11 11:05:31  [ main:24 ] - [ DEBUG ]  PooledDataSource forcefully closed/removed all connections.
2020-06-11 11:05:31  [ main:88 ] - [ DEBUG ]  Opening JDBC Connection
2020-06-11 11:05:31  [ main:239 ] - [ DEBUG ]  Created connection 6320204.
2020-06-11 11:05:31  [ main:239 ] - [ DEBUG ]  Setting autocommit to false on JDBC Connection [com.mysql.cj.jdbc.ConnectionImpl@60704c]
2020-06-11 11:05:31  [ main:243 ] - [ DEBUG ]  ==>  Preparing: select * from mybatis.user 
2020-06-11 11:05:31  [ main:270 ] - [ DEBUG ]  ==> Parameters: 
2020-06-11 11:05:31  [ main:295 ] - [ DEBUG ]  Resetting autocommit to true on JDBC Connection [com.mysql.cj.jdbc.ConnectionImpl@60704c]
2020-06-11 11:05:31  [ main:296 ] - [ DEBUG ]  Closing JDBC Connection [com.mysql.cj.jdbc.ConnectionImpl@60704c]
2020-06-11 11:05:31  [ main:296 ] - [ DEBUG ]  Returned connection 6320204 to pool.
2020-07-08 16:59:19  [ main:0 ] - [ DEBUG ]  Logging initialized using 'class org.apache.ibatis.logging.log4j.Log4jImpl' adapter.
2020-07-08 16:59:19  [ main:45 ] - [ DEBUG ]  Logging initialized using 'class org.apache.ibatis.logging.log4j.Log4jImpl' adapter.
2020-07-08 16:59:19  [ main:69 ] - [ DEBUG ]  PooledDataSource forcefully closed/removed all connections.
2020-07-08 16:59:19  [ main:69 ] - [ DEBUG ]  PooledDataSource forcefully closed/removed all connections.
2020-07-08 16:59:19  [ main:70 ] - [ DEBUG ]  PooledDataSource forcefully closed/removed all connections.
2020-07-08 16:59:19  [ main:70 ] - [ DEBUG ]  PooledDataSource forcefully closed/removed all connections.
2020-07-08 16:59:19  [ main:152 ] - [ DEBUG ]  Opening JDBC Connection
2020-07-08 16:59:19  [ main:274 ] - [ DEBUG ]  Created connection 1625082366.
2020-07-08 16:59:19  [ main:274 ] - [ DEBUG ]  Setting autocommit to false on JDBC Connection [com.mysql.cj.jdbc.ConnectionImpl@60dcc9fe]
2020-07-08 16:59:19  [ main:277 ] - [ DEBUG ]  ==>  Preparing: select * from mybatis.user where id = ? 
2020-07-08 16:59:19  [ main:302 ] - [ DEBUG ]  ==> Parameters: 333(Integer)
2020-07-08 16:59:19  [ main:320 ] - [ DEBUG ]  <==      Total: 1
2020-07-08 16:59:19  [ main:321 ] - [ DEBUG ]  Resetting autocommit to true on JDBC Connection [com.mysql.cj.jdbc.ConnectionImpl@60dcc9fe]
2020-07-08 16:59:19  [ main:322 ] - [ DEBUG ]  Closing JDBC Connection [com.mysql.cj.jdbc.ConnectionImpl@60dcc9fe]
2020-07-08 16:59:19  [ main:322 ] - [ DEBUG ]  Returned connection 1625082366 to pool.
2020-07-08 17:00:28  [ main:0 ] - [ DEBUG ]  Logging initialized using 'class org.apache.ibatis.logging.log4j.Log4jImpl' adapter.
2020-07-08 17:00:28  [ main:3 ] - [ DEBUG ]  Logging initialized using 'class org.apache.ibatis.logging.log4j.Log4jImpl' adapter.
2020-07-08 17:00:28  [ main:42 ] - [ DEBUG ]  PooledDataSource forcefully closed/removed all connections.
2020-07-08 17:00:28  [ main:42 ] - [ DEBUG ]  PooledDataSource forcefully closed/removed all connections.
2020-07-08 17:00:28  [ main:42 ] - [ DEBUG ]  PooledDataSource forcefully closed/removed all connections.
2020-07-08 17:00:28  [ main:43 ] - [ DEBUG ]  PooledDataSource forcefully closed/removed all connections.
2020-07-08 17:00:28  [ main:126 ] - [ DEBUG ]  Opening JDBC Connection
2020-07-08 17:00:28  [ main:266 ] - [ DEBUG ]  Created connection 384294141.
2020-07-08 17:00:28  [ main:267 ] - [ DEBUG ]  Setting autocommit to false on JDBC Connection [com.mysql.cj.jdbc.ConnectionImpl@16e7dcfd]
2020-07-08 17:00:28  [ main:271 ] - [ DEBUG ]  ==>  Preparing: select * from mybatis.user limit ?,? 
2020-07-08 17:00:28  [ main:306 ] - [ DEBUG ]  ==> Parameters: 0(Integer), 4(Integer)
2020-07-08 17:00:28  [ main:328 ] - [ DEBUG ]  <==      Total: 4
2020-07-08 17:00:28  [ main:328 ] - [ DEBUG ]  Resetting autocommit to true on JDBC Connection [com.mysql.cj.jdbc.ConnectionImpl@16e7dcfd]
2020-07-08 17:00:28  [ main:329 ] - [ DEBUG ]  Closing JDBC Connection [com.mysql.cj.jdbc.ConnectionImpl@16e7dcfd]
2020-07-08 17:00:28  [ main:329 ] - [ DEBUG ]  Returned connection 384294141 to pool.
